<?xml version="1.0" encoding="UTF-8"?>
<testng-results skipped="0" failed="1" total="2" passed="1">
  <reporter-output>
  </reporter-output>
  <suite name="Default suite" duration-ms="202" started-at="2012-08-08T07:52:44Z" finished-at="2012-08-08T07:52:45Z">
    <groups>
      <group name="spring.hibernate">
        <method signature="SpringHibernateTest.testBean()[pri:0, instance:spring.hibernate.SpringHibernateTest@307af497]" name="testBean" class="spring.hibernate.SpringHibernateTest"/>
        <method signature="SpringHibernateTest.testDao()[pri:0, instance:spring.hibernate.SpringHibernateTest@307af497]" name="testDao" class="spring.hibernate.SpringHibernateTest"/>
      </group> <!-- spring.hibernate -->
    </groups>
    <test name="Default test" duration-ms="202" started-at="2012-08-08T07:52:44Z" finished-at="2012-08-08T07:52:45Z">
      <class name="spring.hibernate.SpringHibernateTest">
        <test-method status="PASS" signature="initialize()[pri:0, instance:spring.hibernate.SpringHibernateTest@307af497]" name="initialize" is-config="true" duration-ms="1547" started-at="2012-08-08T00:52:43Z" finished-at="2012-08-08T00:52:44Z">
          <reporter-output>
          </reporter-output>
        </test-method> <!-- initialize -->
        <test-method status="PASS" signature="testBean()[pri:0, instance:spring.hibernate.SpringHibernateTest@307af497]" name="testBean" duration-ms="7" started-at="2012-08-08T00:52:44Z" finished-at="2012-08-08T00:52:44Z">
          <reporter-output>
          </reporter-output>
        </test-method> <!-- testBean -->
        <test-method status="FAIL" signature="testDao()[pri:0, instance:spring.hibernate.SpringHibernateTest@307af497]" name="testDao" duration-ms="180" started-at="2012-08-08T00:52:44Z" finished-at="2012-08-08T00:52:45Z">
          <exception class="org.hibernate.hql.internal.ast.QuerySyntaxException">
            <message>
              <![CDATA[StudentCourseEntity is not mapped [ from StudentCourseEntity ]]]>
            </message>
            <full-stacktrace>
              <![CDATA[org.hibernate.hql.internal.ast.QuerySyntaxException: StudentCourseEntity is not mapped [ from StudentCourseEntity ]
	at org.hibernate.hql.internal.ast.util.SessionFactoryHelper.requireClassPersister(SessionFactoryHelper.java:180)
	at org.hibernate.hql.internal.ast.tree.FromElementFactory.addFromElement(FromElementFactory.java:110)
	at org.hibernate.hql.internal.ast.tree.FromClause.addFromElement(FromClause.java:93)
	at org.hibernate.hql.internal.ast.HqlSqlWalker.createFromElement(HqlSqlWalker.java:324)
	at org.hibernate.hql.internal.antlr.HqlSqlBaseWalker.fromElement(HqlSqlBaseWalker.java:3291)
	at org.hibernate.hql.internal.antlr.HqlSqlBaseWalker.fromElementList(HqlSqlBaseWalker.java:3180)
	at org.hibernate.hql.internal.antlr.HqlSqlBaseWalker.fromClause(HqlSqlBaseWalker.java:706)
	at org.hibernate.hql.internal.antlr.HqlSqlBaseWalker.query(HqlSqlBaseWalker.java:562)
	at org.hibernate.hql.internal.antlr.HqlSqlBaseWalker.selectStatement(HqlSqlBaseWalker.java:299)
	at org.hibernate.hql.internal.antlr.HqlSqlBaseWalker.statement(HqlSqlBaseWalker.java:247)
	at org.hibernate.hql.internal.ast.QueryTranslatorImpl.analyze(QueryTranslatorImpl.java:248)
	at org.hibernate.hql.internal.ast.QueryTranslatorImpl.doCompile(QueryTranslatorImpl.java:183)
	at org.hibernate.hql.internal.ast.QueryTranslatorImpl.compile(QueryTranslatorImpl.java:136)
	at org.hibernate.engine.query.spi.HQLQueryPlan.<init>(HQLQueryPlan.java:105)
	at org.hibernate.engine.query.spi.HQLQueryPlan.<init>(HQLQueryPlan.java:80)
	at org.hibernate.engine.query.spi.QueryPlanCache.getHQLQueryPlan(QueryPlanCache.java:168)
	at org.hibernate.internal.AbstractSessionImpl.getHQLQueryPlan(AbstractSessionImpl.java:219)
	at org.hibernate.internal.AbstractSessionImpl.createQuery(AbstractSessionImpl.java:197)
	at org.hibernate.internal.SessionImpl.createQuery(SessionImpl.java:1736)
	at spring.hibernate.dao.StudentCourseDao.getAll(StudentCourseDao.java:23)
	at spring.hibernate.dao.StudentCourseDao$$FastClassByCGLIB$$298fa095.invoke(<generated>)
	at net.sf.cglib.proxy.MethodProxy.invoke(MethodProxy.java:149)
	at org.springframework.aop.framework.Cglib2AopProxy$CglibMethodInvocation.invokeJoinpoint(Cglib2AopProxy.java:689)
	at org.springframework.aop.framework.ReflectiveMethodInvocation.proceed(ReflectiveMethodInvocation.java:150)
	at org.springframework.transaction.interceptor.TransactionInterceptor.invoke(TransactionInterceptor.java:110)
	at org.springframework.aop.framework.ReflectiveMethodInvocation.proceed(ReflectiveMethodInvocation.java:172)
	at org.springframework.aop.framework.Cglib2AopProxy$DynamicAdvisedInterceptor.intercept(Cglib2AopProxy.java:622)
	at spring.hibernate.dao.StudentCourseDao$$EnhancerByCGLIB$$2f5fce3a.getAll(<generated>)
	at spring.hibernate.SpringHibernateTest.testDao(SpringHibernateTest.java:37)
	at sun.reflect.NativeMethodAccessorImpl.invoke0(Native Method)
	at sun.reflect.NativeMethodAccessorImpl.invoke(Unknown Source)
	at sun.reflect.DelegatingMethodAccessorImpl.invoke(Unknown Source)
	at java.lang.reflect.Method.invoke(Unknown Source)
	at org.testng.internal.MethodInvocationHelper.invokeMethod(MethodInvocationHelper.java:80)
	at org.testng.internal.Invoker.invokeMethod(Invoker.java:715)
	at org.testng.internal.Invoker.invokeTestMethod(Invoker.java:907)
	at org.testng.internal.Invoker.invokeTestMethods(Invoker.java:1237)
	at org.testng.internal.TestMethodWorker.invokeTestMethods(TestMethodWorker.java:127)
	at org.testng.internal.TestMethodWorker.run(TestMethodWorker.java:111)
	at org.testng.TestRunner.privateRun(TestRunner.java:767)
	at org.testng.TestRunner.run(TestRunner.java:617)
	at org.testng.SuiteRunner.runTest(SuiteRunner.java:334)
	at org.testng.SuiteRunner.runSequentially(SuiteRunner.java:329)
	at org.testng.SuiteRunner.privateRun(SuiteRunner.java:291)
	at org.testng.SuiteRunner.run(SuiteRunner.java:240)
	at org.testng.SuiteRunnerWorker.runSuite(SuiteRunnerWorker.java:52)
	at org.testng.SuiteRunnerWorker.run(SuiteRunnerWorker.java:86)
	at org.testng.TestNG.runSuitesSequentially(TestNG.java:1197)
	at org.testng.TestNG.runSuitesLocally(TestNG.java:1122)
	at org.testng.TestNG.run(TestNG.java:1030)
	at org.testng.remote.RemoteTestNG.run(RemoteTestNG.java:111)
	at org.testng.remote.RemoteTestNG.initAndRun(RemoteTestNG.java:204)
	at org.testng.remote.RemoteTestNG.main(RemoteTestNG.java:175)
]]>
            </full-stacktrace>
          </exception> <!-- org.hibernate.hql.internal.ast.QuerySyntaxException -->
          <reporter-output>
          </reporter-output>
        </test-method> <!-- testDao -->
      </class> <!-- spring.hibernate.SpringHibernateTest -->
    </test> <!-- Default test -->
  </suite> <!-- Default suite -->
</testng-results>
